<?xml version="1.0" encoding="UTF-8"?>
<testsuite xmlns:xsi="http://www.w3.org/2001/XMLSchema-instance" xsi:noNamespaceSchemaLocation="https://maven.apache.org/surefire/maven-surefire-plugin/xsd/surefire-test-report.xsd" name="com.sandin.learning.tddbyexample.TddByExampleApplicationTests" time="3.773" tests="3" errors="0" skipped="0" failures="0">
  <properties>
[...]
</properties>
  <testcase name="testMultiplication" classname="com.sandin.learning.tddbyexample.TddByExampleApplicationTests" time="1.012"/>
  <testcase name="contextLoads" classname="com.sandin.learning.tddbyexample.TddByExampleApplicationTests" time="0.004"/>
  <testcase name="testEquality" classname="com.sandin.learning.tddbyexample.TddByExampleApplicationTests" time="0.007"/>
</testsuite>